<?xml version="1.0" encoding="UTF-8"?>
<!-- Generated by org.testng.reporters.JUnitReportReporter -->
<testsuite hostname="DESKTOP-4AFEH5Q" failures="0" tests="1" name="tests.TC_001_V1" time="119.846" errors="0" timestamp="2024-05-10T17:23:54 EET" skipped="0">
  <testcase classname="tests.TC_001_V1" name="TC_001_V1" time="119.846"/>
</testsuite> <!-- tests.TC_001_V1 -->
